{"level":"INFO","time":"2024-08-25T16:07:09.186+0800","caller":"server/server.go:54","msg":"success","starting go-metrics-server srv running on ":":8080"}
{"level":"FATAL","time":"2024-08-25T16:07:09.187+0800","caller":"server/server.go:57","msg":"failed to listen go-metrics-server server: ","error":"listen tcp :8080: bind: address already in use"}
{"level":"INFO","time":"2024-08-25T16:07:37.364+0800","caller":"server/server.go:54","msg":"success","starting go-metrics-server srv running on ":":8080"}
{"level":"INFO","time":"2024-08-25T16:08:42.036+0800","caller":"middleware/log.go:21","msg":"/api/user/login","status":200,"method":"POST","path":"/api/user/login","query":"","ip":"::1","user-agent":"PostmanRuntime/7.41.1","errors":"","host":"localhost:8080","cost":0.000833583}
{"level":"INFO","time":"2024-08-25T16:10:04.034+0800","caller":"middleware/log.go:21","msg":"/api/user/login","status":200,"method":"POST","path":"/api/user/login","query":"","ip":"::1","user-agent":"PostmanRuntime/7.41.1","errors":"","host":"localhost:8080","cost":0.000195625}
{"level":"INFO","time":"2024-08-25T16:10:04.392+0800","caller":"middleware/log.go:21","msg":"/api/user/login","status":200,"method":"POST","path":"/api/user/login","query":"","ip":"::1","user-agent":"PostmanRuntime/7.41.1","errors":"","host":"localhost:8080","cost":0.000169541}
{"level":"INFO","time":"2024-08-25T16:10:05.539+0800","caller":"middleware/log.go:21","msg":"/api/user/login","status":200,"method":"POST","path":"/api/user/login","query":"","ip":"::1","user-agent":"PostmanRuntime/7.41.1","errors":"","host":"localhost:8080","cost":0.000143667}
{"level":"INFO","time":"2024-08-25T16:10:05.988+0800","caller":"middleware/log.go:21","msg":"/api/user/login","status":200,"method":"POST","path":"/api/user/login","query":"","ip":"::1","user-agent":"PostmanRuntime/7.41.1","errors":"","host":"localhost:8080","cost":0.000164042}
{"level":"INFO","time":"2024-08-25T16:10:06.454+0800","caller":"middleware/log.go:21","msg":"/api/user/login","status":200,"method":"POST","path":"/api/user/login","query":"","ip":"::1","user-agent":"PostmanRuntime/7.41.1","errors":"","host":"localhost:8080","cost":0.00015475}
{"level":"INFO","time":"2024-08-25T16:10:11.235+0800","caller":"middleware/log.go:21","msg":"/api/user/login","status":200,"method":"POST","path":"/api/user/login","query":"","ip":"::1","user-agent":"PostmanRuntime/7.41.1","errors":"","host":"localhost:8080","cost":0.000163958}
{"level":"INFO","time":"2024-08-25T16:10:11.977+0800","caller":"middleware/log.go:21","msg":"/api/user/login","status":200,"method":"POST","path":"/api/user/login","query":"","ip":"::1","user-agent":"PostmanRuntime/7.41.1","errors":"","host":"localhost:8080","cost":0.000182333}
{"level":"INFO","time":"2024-08-25T16:10:12.541+0800","caller":"middleware/log.go:21","msg":"/api/user/login","status":200,"method":"POST","path":"/api/user/login","query":"","ip":"::1","user-agent":"PostmanRuntime/7.41.1","errors":"","host":"localhost:8080","cost":0.000161417}
{"level":"INFO","time":"2024-08-25T16:10:13.084+0800","caller":"middleware/log.go:21","msg":"/api/user/login","status":200,"method":"POST","path":"/api/user/login","query":"","ip":"::1","user-agent":"PostmanRuntime/7.41.1","errors":"","host":"localhost:8080","cost":0.000155083}
{"level":"INFO","time":"2024-08-25T16:10:13.620+0800","caller":"middleware/log.go:21","msg":"/api/user/login","status":200,"method":"POST","path":"/api/user/login","query":"","ip":"::1","user-agent":"PostmanRuntime/7.41.1","errors":"","host":"localhost:8080","cost":0.000155042}
{"level":"INFO","time":"2024-08-25T16:39:45.639+0800","caller":"server/server.go:66","msg":"shutting go-metrics-server server down ..."}
{"level":"INFO","time":"2024-08-25T16:39:45.640+0800","caller":"server/server.go:80","msg":"go-metrics-server server exit successful"}
{"level":"INFO","time":"2024-08-25T16:40:17.513+0800","caller":"server/server.go:54","msg":"success","starting go-metrics-server srv running on ":":8080"}
{"level":"INFO","time":"2024-08-25T16:40:19.480+0800","caller":"server/server.go:66","msg":"shutting go-metrics-server server down ..."}
{"level":"INFO","time":"2024-08-25T16:40:19.480+0800","caller":"server/server.go:80","msg":"go-metrics-server server exit successful"}
{"level":"INFO","time":"2024-08-25T16:44:59.457+0800","caller":"server/server.go:54","msg":"success","starting go-metrics-server srv running on ":":8080"}
{"level":"INFO","time":"2024-08-25T16:45:24.809+0800","caller":"server/server.go:66","msg":"shutting go-metrics-server server down ..."}
{"level":"INFO","time":"2024-08-25T16:45:24.810+0800","caller":"server/server.go:80","msg":"go-metrics-server server exit successful"}
{"level":"INFO","time":"2024-08-25T16:55:38.961+0800","caller":"server/server.go:54","msg":"success","starting go-metrics-server srv running on ":":8080"}
{"level":"INFO","time":"2024-08-25T16:56:02.839+0800","caller":"middleware/log.go:21","msg":"/api/user/login","status":200,"method":"POST","path":"/api/user/login","query":"","ip":"::1","user-agent":"PostmanRuntime/7.41.1","errors":"","host":"localhost:8080","cost":0.000417625}
{"level":"INFO","time":"2024-08-25T16:56:06.095+0800","caller":"server/server.go:66","msg":"shutting go-metrics-server server down ..."}
{"level":"INFO","time":"2024-08-25T16:56:06.096+0800","caller":"server/server.go:80","msg":"go-metrics-server server exit successful"}
{"level":"INFO","time":"2024-08-25T17:21:29.976+0800","caller":"server/server.go:54","msg":"success","starting go-metrics-server srv running on ":":8080"}
{"level":"INFO","time":"2024-08-25T17:21:35.799+0800","caller":"middleware/log.go:21","msg":"/api/user/login","status":200,"method":"POST","path":"/api/user/login","query":"","ip":"::1","user-agent":"PostmanRuntime/7.41.1","errors":"","host":"localhost:8080","cost":2.001505583}
{"level":"INFO","time":"2024-08-26T09:48:53.554+0800","caller":"server/server.go:66","msg":"shutting go-metrics-server server down ..."}
{"level":"INFO","time":"2024-08-26T09:48:53.556+0800","caller":"server/server.go:80","msg":"go-metrics-server server exit successful"}
{"level":"INFO","time":"2024-08-26T09:48:58.491+0800","caller":"server/server.go:54","msg":"success","starting go-metrics-server srv running on ":":8090"}
{"level":"INFO","time":"2024-08-27T10:41:33.339+0800","caller":"server/server.go:66","msg":"shutting go-metrics-server server down ..."}
{"level":"INFO","time":"2024-08-27T10:41:33.339+0800","caller":"server/server.go:80","msg":"go-metrics-server server exit successful"}
{"level":"INFO","time":"2024-08-27T10:41:35.702+0800","caller":"server/server.go:54","msg":"success","starting go-metrics-server srv running on ":":8090"}
{"level":"INFO","time":"2024-08-27T10:41:42.514+0800","caller":"server/server.go:66","msg":"shutting go-metrics-server server down ..."}
{"level":"INFO","time":"2024-08-27T10:41:42.514+0800","caller":"server/server.go:80","msg":"go-metrics-server server exit successful"}
{"level":"INFO","time":"2024-08-27T10:41:44.735+0800","caller":"server/server.go:54","msg":"success","starting go-metrics-server srv running on ":":8090"}
{"level":"INFO","time":"2024-08-27T10:41:49.710+0800","caller":"server/server.go:66","msg":"shutting go-metrics-server server down ..."}
{"level":"INFO","time":"2024-08-27T10:41:49.710+0800","caller":"server/server.go:80","msg":"go-metrics-server server exit successful"}
{"level":"WARN","time":"2024-09-11T13:20:45.091+0800","caller":"metrics/metrics.go:152","msg":"register collector failed","error":"descriptor Desc{fqName: \"tencent_metrics-demo_request_total\", help: \"How many HTTP requests processed, partitioned by status code and HTTP method.\", constLabels: {}, variableLabels: {path,code,method}} is invalid: \"tencent_metrics-demo_request_total\" is not a valid metric name"}
{"level":"WARN","time":"2024-09-11T13:20:45.091+0800","caller":"metrics/metrics.go:152","msg":"register collector failed","error":"descriptor Desc{fqName: \"tencent_metrics-demo_request_duration_seconds\", help: \"The HTTP request latencies in seconds.\", constLabels: {}, variableLabels: {path,code,method}} is invalid: \"tencent_metrics-demo_request_duration_seconds\" is not a valid metric name"}
{"level":"WARN","time":"2024-09-11T13:20:45.091+0800","caller":"metrics/metrics.go:152","msg":"register collector failed","error":"descriptor Desc{fqName: \"tencent_metrics-demo_request_body_size_bytes\", help: \"The HTTP request sizes in bytes.\", constLabels: {}, variableLabels: {}} is invalid: \"tencent_metrics-demo_request_body_size_bytes\" is not a valid metric name"}
{"level":"WARN","time":"2024-09-11T13:20:45.091+0800","caller":"metrics/metrics.go:152","msg":"register collector failed","error":"descriptor Desc{fqName: \"tencent_metrics-demo_response_body_size_bytes\", help: \"The HTTP response sizes in bytes.\", constLabels: {}, variableLabels: {}} is invalid: \"tencent_metrics-demo_response_body_size_bytes\" is not a valid metric name"}
{"level":"INFO","time":"2024-09-11T13:20:45.091+0800","caller":"server/server.go:54","msg":"success","starting go-metrics-server srv running on ":":8090"}
{"level":"INFO","time":"2024-09-11T13:21:41.437+0800","caller":"middleware/log.go:21","msg":"/api/user/login","status":200,"method":"POST","path":"/api/user/login","query":"","ip":"::1","user-agent":"PostmanRuntime/7.41.2","errors":"","host":"localhost:8090","cost":2.002363167}
{"level":"INFO","time":"2024-09-11T13:22:48.414+0800","caller":"server/server.go:66","msg":"shutting go-metrics-server server down ..."}
{"level":"INFO","time":"2024-09-11T13:22:48.416+0800","caller":"server/server.go:80","msg":"go-metrics-server server exit successful"}
{"level":"WARN","time":"2024-09-11T13:24:39.806+0800","caller":"metrics/metrics.go:152","msg":"register collector failed","error":"descriptor Desc{fqName: \"tencent_metrics-demo_request_total\", help: \"How many HTTP requests processed, partitioned by status code and HTTP method.\", constLabels: {}, variableLabels: {path,code,method}} is invalid: \"tencent_metrics-demo_request_total\" is not a valid metric name"}
{"level":"WARN","time":"2024-09-11T13:24:39.806+0800","caller":"metrics/metrics.go:152","msg":"register collector failed","error":"descriptor Desc{fqName: \"tencent_metrics-demo_request_duration_seconds\", help: \"The HTTP request latencies in seconds.\", constLabels: {}, variableLabels: {path,code,method}} is invalid: \"tencent_metrics-demo_request_duration_seconds\" is not a valid metric name"}
{"level":"WARN","time":"2024-09-11T13:24:39.806+0800","caller":"metrics/metrics.go:152","msg":"register collector failed","error":"descriptor Desc{fqName: \"tencent_metrics-demo_request_body_size_bytes\", help: \"The HTTP request sizes in bytes.\", constLabels: {}, variableLabels: {}} is invalid: \"tencent_metrics-demo_request_body_size_bytes\" is not a valid metric name"}
{"level":"WARN","time":"2024-09-11T13:24:39.806+0800","caller":"metrics/metrics.go:152","msg":"register collector failed","error":"descriptor Desc{fqName: \"tencent_metrics-demo_response_body_size_bytes\", help: \"The HTTP response sizes in bytes.\", constLabels: {}, variableLabels: {}} is invalid: \"tencent_metrics-demo_response_body_size_bytes\" is not a valid metric name"}
{"level":"INFO","time":"2024-09-11T13:24:39.806+0800","caller":"server/server.go:54","msg":"success","starting go-metrics-server srv running on ":":8090"}
{"level":"INFO","time":"2024-09-11T13:25:00.276+0800","caller":"server/server.go:66","msg":"shutting go-metrics-server server down ..."}
{"level":"INFO","time":"2024-09-11T13:25:00.277+0800","caller":"server/server.go:80","msg":"go-metrics-server server exit successful"}
